{
  "stats": {
    "suites": 1,
    "tests": 1,
    "passes": 1,
    "pending": 0,
    "failures": 0,
    "start": "2020-07-21T10:25:21.159Z",
    "end": "2020-07-21T10:26:38.891Z",
    "duration": 77732,
    "testsRegistered": 1,
    "passPercent": 100,
    "pendingPercent": 0,
    "other": 0,
    "hasOther": false,
    "skipped": 0,
    "hasSkipped": false
  },
  "results": [
    {
      "uuid": "cb5acc49-8077-4781-9571-fac194e29f23",
      "title": "",
      "fullFile": "cypress\\integration\\Demo\\Signup_upwork.spec.js",
      "file": "cypress\\integration\\Demo\\Signup_upwork.spec.js",
      "beforeHooks": [],
      "afterHooks": [],
      "tests": [],
      "suites": [
        {
          "uuid": "ea828d19-dcbb-4b17-8a9d-c9c9bfebc656",
          "title": "Signup & Signin",
          "fullFile": "",
          "file": "",
          "beforeHooks": [],
          "afterHooks": [],
          "tests": [
            {
              "title": "sign up",
              "fullTitle": "Signup & Signin sign up",
              "timedOut": null,
              "duration": 70025,
              "state": "passed",
              "speed": "slow",
              "pass": true,
              "fail": false,
              "pending": false,
              "context": null,
              "code": "cy.visit('https://www.google.co.in/');\ncy.wait(5000);\ncy.get('input[name=\"q\"]').type('Cypress{enter}');",
              "err": {},
              "uuid": "5364c202-a818-4f67-8c58-6d02eebfc15b",
              "parentUUID": "ea828d19-dcbb-4b17-8a9d-c9c9bfebc656",
              "isHook": false,
              "skipped": false
            }
          ],
          "suites": [],
          "passes": [
            "5364c202-a818-4f67-8c58-6d02eebfc15b"
          ],
          "failures": [],
          "pending": [],
          "skipped": [],
          "duration": 70025,
          "root": false,
          "rootEmpty": false,
          "_timeout": 2000
        }
      ],
      "passes": [],
      "failures": [],
      "pending": [],
      "skipped": [],
      "duration": 0,
      "root": true,
      "rootEmpty": true,
      "_timeout": 2000
    }
  ],
  "meta": {
    "mocha": {
      "version": "7.0.1"
    },
    "mochawesome": {
      "options": {
        "quiet": false,
        "reportFilename": "mochawesome",
        "saveHtml": false,
        "saveJson": true,
        "consoleReporter": "spec",
        "useInlineDiffs": false,
        "code": true
      },
      "version": "6.1.1"
    },
    "marge": {
      "options": {
        "id": "default",
        "quite": true,
        "overwrite": false,
        "html": false,
        "json": true
      },
      "version": "5.1.0"
    }
  }
}