{
  "stats": {
    "suites": 2,
    "tests": 3,
    "passes": 2,
    "pending": 1,
    "failures": 0,
    "start": "2020-07-21T10:23:01.611Z",
    "end": "2020-07-21T10:24:42.342Z",
    "duration": 100731,
    "testsRegistered": 3,
    "passPercent": 100,
    "pendingPercent": 33.33333333333333,
    "other": 0,
    "hasOther": false,
    "skipped": 0,
    "hasSkipped": false
  },
  "results": [
    {
      "uuid": "f9856c69-f7ba-4824-bcb7-eb70c52f906e",
      "title": "",
      "fullFile": "cypress\\integration\\Demo\\Screener_demo.spec.js",
      "file": "cypress\\integration\\Demo\\Screener_demo.spec.js",
      "beforeHooks": [],
      "afterHooks": [],
      "tests": [],
      "suites": [
        {
          "uuid": "68f2c678-d85f-4a18-bea3-748375c3ba93",
          "title": "Screener.in",
          "fullFile": "",
          "file": "",
          "beforeHooks": [],
          "afterHooks": [],
          "tests": [
            {
              "title": "Verify the Search option in home page",
              "fullTitle": "Screener.in Verify the Search option in home page",
              "timedOut": null,
              "duration": 47345,
              "state": "passed",
              "speed": "slow",
              "pass": true,
              "fail": false,
              "pending": false,
              "context": null,
              "code": "homepage.searchbox().type('Infosys');\nhomepage.searchitem().click(); //cy.url().should('include','/INFY/')\ncy.title().should('include', 'Infosys Ltd');",
              "err": {},
              "uuid": "49797fed-6167-4ba3-a26a-6fd126ff63d9",
              "parentUUID": "68f2c678-d85f-4a18-bea3-748375c3ba93",
              "isHook": false,
              "skipped": false
            },
            {
              "title": "Verify the CMP of Particular company",
              "fullTitle": "Screener.in Verify the CMP of Particular company",
              "timedOut": null,
              "duration": 32466,
              "state": "passed",
              "speed": "slow",
              "pass": true,
              "fail": false,
              "pending": false,
              "context": null,
              "code": "homepage.searchbox().type('TCS');\nhomepage.searchitem().click();\nhomepage.price().then(function ($text) {\n  var text1 = $text.text();\n  cy.writeFile('cypress/fixtures/price.txt', 'CMP is ' + text1);\n  cy.readFile('cypress/fixtures/demo.csv').then(function (name) {\n    console.log(name);\n  });\n});",
              "err": {},
              "uuid": "628ee602-fa7a-482f-8e72-df9480ad07a4",
              "parentUUID": "68f2c678-d85f-4a18-bea3-748375c3ba93",
              "isHook": false,
              "skipped": false
            }
          ],
          "suites": [],
          "passes": [
            "49797fed-6167-4ba3-a26a-6fd126ff63d9",
            "628ee602-fa7a-482f-8e72-df9480ad07a4"
          ],
          "failures": [],
          "pending": [],
          "skipped": [],
          "duration": 79811,
          "root": false,
          "rootEmpty": false,
          "_timeout": 2000
        },
        {
          "uuid": "e88cf2c3-fb73-4640-a457-67fc675fe0b6",
          "title": "Parametrization",
          "fullFile": "",
          "file": "",
          "beforeHooks": [],
          "afterHooks": [],
          "tests": [
            {
              "title": "Verify the CMPs of 3 companies",
              "fullTitle": "Parametrization Verify the CMPs of 3 companies",
              "timedOut": null,
              "duration": 0,
              "state": "pending",
              "speed": null,
              "pass": false,
              "fail": false,
              "pending": true,
              "context": null,
              "code": "",
              "err": {},
              "uuid": "cdf9faa6-2f36-4b3f-bb89-4dba06a07fb9",
              "parentUUID": "e88cf2c3-fb73-4640-a457-67fc675fe0b6",
              "isHook": false,
              "skipped": false
            }
          ],
          "suites": [],
          "passes": [],
          "failures": [],
          "pending": [
            "cdf9faa6-2f36-4b3f-bb89-4dba06a07fb9"
          ],
          "skipped": [],
          "duration": 0,
          "root": false,
          "rootEmpty": false,
          "_timeout": 2000
        }
      ],
      "passes": [],
      "failures": [],
      "pending": [],
      "skipped": [],
      "duration": 0,
      "root": true,
      "rootEmpty": true,
      "_timeout": 2000
    }
  ],
  "meta": {
    "mocha": {
      "version": "7.0.1"
    },
    "mochawesome": {
      "options": {
        "quiet": false,
        "reportFilename": "mochawesome",
        "saveHtml": false,
        "saveJson": true,
        "consoleReporter": "spec",
        "useInlineDiffs": false,
        "code": true
      },
      "version": "6.1.1"
    },
    "marge": {
      "options": {
        "id": "default",
        "quite": true,
        "overwrite": false,
        "html": false,
        "json": true
      },
      "version": "5.1.0"
    }
  }
}